<?xml version="1.0" encoding="UTF-8"?>
<!-- Generated by org.testng.reporters.JUnitReportReporter -->
<testsuite hostname="DESKTOP-D7VFTDB" failures="0" tests="1" name="prematest.testcase.TestCase" time="7.603" errors="0" timestamp="2024-08-18T00:07:40 IST" skipped="0">
  <testcase classname="prematest.testcase.TestCase" name="loginandLogout" time="7.603"/>
  <system-out/>
</testsuite> <!-- prematest.testcase.TestCase -->
